2023-03-26 00:00:10,523 INFO org.apache.juli.logging.DirectJDKLog [http-nio-8081-exec-1] Initializing Spring DispatcherServlet 'dispatcherServlet'
2023-03-26 00:00:10,526 INFO org.springframework.web.servlet.FrameworkServlet [http-nio-8081-exec-1] Initializing Servlet 'dispatcherServlet'
2023-03-26 00:00:10,528 INFO org.springframework.web.servlet.FrameworkServlet [http-nio-8081-exec-1] Completed initialization in 1 ms
2023-03-26 00:00:10,585 WARN org.springframework.web.servlet.handler.AbstractHandlerExceptionResolver [http-nio-8081-exec-1] Resolved [org.springframework.web.bind.MissingServletRequestParameterException: Required request parameter 'bookId' for method parameter type String is not present]
2023-03-26 00:00:20,327 INFO com.server.price.controller.PriceController [http-nio-8081-exec-4] Received request with bookId 120
2023-03-26 00:00:20,329 INFO com.server.price.controller.PriceController [http-nio-8081-exec-4] Price for the bookId 0.009152798816135887527423165010986849665641784667968
2023-03-26 00:00:26,883 INFO com.server.price.controller.PriceController [http-nio-8081-exec-5] Received request with bookId 120
2023-03-26 00:00:26,884 INFO com.server.price.controller.PriceController [http-nio-8081-exec-5] Price for the bookId 0.00618080805850843462145860485179582610726356506347656
2023-03-26 00:00:27,508 INFO com.server.price.controller.PriceController [http-nio-8081-exec-8] Received request with bookId 120
2023-03-26 00:00:27,509 INFO com.server.price.controller.PriceController [http-nio-8081-exec-8] Price for the bookId 0.0039130311311472998347937846119748428463935852050781
2023-03-26 00:00:27,689 INFO com.server.price.controller.PriceController [http-nio-8081-exec-9] Received request with bookId 120
2023-03-26 00:00:27,690 INFO com.server.price.controller.PriceController [http-nio-8081-exec-9] Price for the bookId 0.0012008262148800530333403457916574552655220031738281
2023-03-26 00:00:27,880 INFO com.server.price.controller.PriceController [http-nio-8081-exec-2] Received request with bookId 120
2023-03-26 00:00:27,881 INFO com.server.price.controller.PriceController [http-nio-8081-exec-2] Price for the bookId 0.0060431576903055295169053806603187695145606994628906
2023-03-26 00:00:28,048 INFO com.server.price.controller.PriceController [http-nio-8081-exec-3] Received request with bookId 120
2023-03-26 00:00:28,048 INFO com.server.price.controller.PriceController [http-nio-8081-exec-3] Price for the bookId 0.006141120091782705792127217137021943926811218261718
2023-03-26 00:00:28,214 INFO com.server.price.controller.PriceController [http-nio-8081-exec-6] Received request with bookId 120
2023-03-26 00:00:28,215 INFO com.server.price.controller.PriceController [http-nio-8081-exec-6] Price for the bookId 0.00519670700977337252091103891871171072125434875488281
2023-03-26 00:00:28,374 INFO com.server.price.controller.PriceController [http-nio-8081-exec-7] Received request with bookId 120
2023-03-26 00:00:28,375 INFO com.server.price.controller.PriceController [http-nio-8081-exec-7] Price for the bookId 0.00657959582086905858666625590558396652340888977050781
2023-03-26 00:00:28,536 INFO com.server.price.controller.PriceController [http-nio-8081-exec-10] Received request with bookId 120
2023-03-26 00:00:28,537 INFO com.server.price.controller.PriceController [http-nio-8081-exec-10] Price for the bookId 0.00105789232876690175721989817247958853840827941894531
2023-03-26 00:00:28,706 INFO com.server.price.controller.PriceController [http-nio-8081-exec-1] Received request with bookId 120
2023-03-26 00:00:28,707 INFO com.server.price.controller.PriceController [http-nio-8081-exec-1] Price for the bookId 0.00354515452368523775739106440596515312790870666503906
2023-03-26 00:00:28,870 INFO com.server.price.controller.PriceController [http-nio-8081-exec-4] Received request with bookId 120
2023-03-26 00:00:28,871 INFO com.server.price.controller.PriceController [http-nio-8081-exec-4] Price for the bookId 0.00551763791746792908732288651663111522793769836425781
2023-03-26 00:00:29,037 INFO com.server.price.controller.PriceController [http-nio-8081-exec-5] Received request with bookId 120
2023-03-26 00:00:29,158 INFO com.server.price.controller.PriceController [http-nio-8081-exec-5] Price for the bookId 0.00049719058387681314137296340049942955374717712402343
2023-03-26 00:00:29,355 INFO com.server.price.controller.PriceController [http-nio-8081-exec-8] Received request with bookId 120
2023-03-26 00:00:29,356 INFO com.server.price.controller.PriceController [http-nio-8081-exec-8] Price for the bookId 0.00950430720043759280635242703283438459038734436035156
2023-03-26 00:00:29,523 INFO com.server.price.controller.PriceController [http-nio-8081-exec-9] Received request with bookId 120
2023-03-26 00:00:29,524 INFO com.server.price.controller.PriceController [http-nio-8081-exec-9] Price for the bookId 0.00602685784771486487976233092922484502196311950683593
2023-03-26 00:00:29,689 INFO com.server.price.controller.PriceController [http-nio-8081-exec-2] Received request with bookId 120
2023-03-26 00:00:29,690 INFO com.server.price.controller.PriceController [http-nio-8081-exec-2] Price for the bookId 0.006758070545419236907491722377017140388488769531
2023-03-26 00:00:29,840 INFO com.server.price.controller.PriceController [http-nio-8081-exec-3] Received request with bookId 120
2023-03-26 00:00:29,841 INFO com.server.price.controller.PriceController [http-nio-8081-exec-3] Price for the bookId 0.00729236756464342938954814599128440022468566894531
2023-03-26 00:00:30,027 INFO com.server.price.controller.PriceController [http-nio-8081-exec-6] Received request with bookId 120
2023-03-26 00:00:33,621 INFO com.server.price.controller.PriceController [http-nio-8081-exec-6] Price for the bookId 0.00723949665847591572465091758203925564885139465332031
2023-03-26 00:02:11,999 INFO org.springframework.boot.StartupInfoLogger [main] Starting PriceServerApplication using Java 1.8.0_221 on LAPTOP-AI358GDM with PID 16616 (C:\Users\bala4\Downloads\price server\price-server\target\classes started by bala4 in C:\Users\bala4\Downloads\price server\price-server)
2023-03-26 00:02:12,003 DEBUG org.springframework.boot.StartupInfoLogger [main] Running with Spring Boot v2.7.11-SNAPSHOT, Spring v5.3.26
2023-03-26 00:02:12,004 INFO org.springframework.boot.SpringApplication [main] No active profile set, falling back to 1 default profile: "default"
2023-03-26 00:02:14,432 INFO org.springframework.boot.web.embedded.tomcat.TomcatWebServer [main] Tomcat initialized with port(s): 8081 (http)
2023-03-26 00:02:14,449 INFO org.apache.juli.logging.DirectJDKLog [main] Initializing ProtocolHandler ["http-nio-8081"]
2023-03-26 00:02:14,450 INFO org.apache.juli.logging.DirectJDKLog [main] Starting service [Tomcat]
2023-03-26 00:02:14,450 INFO org.apache.juli.logging.DirectJDKLog [main] Starting Servlet engine: [Apache Tomcat/9.0.73]
2023-03-26 00:02:22,336 INFO org.apache.juli.logging.DirectJDKLog [main] Initializing Spring embedded WebApplicationContext
2023-03-26 00:02:22,336 INFO org.springframework.boot.web.servlet.context.ServletWebServerApplicationContext [main] Root WebApplicationContext: initialization completed in 10253 ms
2023-03-26 00:02:23,163 INFO org.springframework.boot.actuate.endpoint.web.EndpointLinksResolver [main] Exposing 1 endpoint(s) beneath base path '/actuator'
2023-03-26 00:02:23,209 INFO org.apache.juli.logging.DirectJDKLog [main] Starting ProtocolHandler ["http-nio-8081"]
2023-03-26 00:02:23,251 INFO org.springframework.boot.web.embedded.tomcat.TomcatWebServer [main] Tomcat started on port(s): 8081 (http) with context path '/price-engine'
2023-03-26 00:02:23,272 INFO org.springframework.boot.StartupInfoLogger [main] Started PriceServerApplication in 11.991 seconds (JVM running for 12.739)
2023-03-26 00:03:39,443 INFO org.apache.juli.logging.DirectJDKLog [http-nio-8081-exec-1] Initializing Spring DispatcherServlet 'dispatcherServlet'
2023-03-26 00:03:39,443 INFO org.springframework.web.servlet.FrameworkServlet [http-nio-8081-exec-1] Initializing Servlet 'dispatcherServlet'
2023-03-26 00:03:39,447 INFO org.springframework.web.servlet.FrameworkServlet [http-nio-8081-exec-1] Completed initialization in 2 ms
2023-03-26 00:03:39,517 INFO com.server.price.controller.PriceController [http-nio-8081-exec-1] Received request with bookId 120
2023-03-26 00:03:39,519 INFO com.server.price.controller.PriceController [http-nio-8081-exec-1] Price for the bookId 100.0
2023-03-26 00:03:41,004 INFO com.server.price.controller.PriceController [http-nio-8081-exec-3] Received request with bookId 120
2023-03-26 00:03:41,006 INFO com.server.price.controller.PriceController [http-nio-8081-exec-3] Price for the bookId 100.0
2023-03-26 00:03:42,342 INFO com.server.price.controller.PriceController [http-nio-8081-exec-2] Received request with bookId 120
2023-03-26 00:03:42,422 INFO com.server.price.controller.PriceController [http-nio-8081-exec-2] Price for the bookId 100.0
2023-03-26 00:03:42,692 INFO com.server.price.controller.PriceController [http-nio-8081-exec-4] Received request with bookId 120
2023-03-26 00:03:42,692 INFO com.server.price.controller.PriceController [http-nio-8081-exec-4] Price for the bookId 100.0
2023-03-26 00:03:42,895 INFO com.server.price.controller.PriceController [http-nio-8081-exec-5] Received request with bookId 120
2023-03-26 00:03:42,896 INFO com.server.price.controller.PriceController [http-nio-8081-exec-5] Price for the bookId 100.0
2023-03-26 00:03:43,101 INFO com.server.price.controller.PriceController [http-nio-8081-exec-6] Received request with bookId 120
2023-03-26 00:03:43,102 INFO com.server.price.controller.PriceController [http-nio-8081-exec-6] Price for the bookId 100.0
2023-03-26 00:03:43,297 INFO com.server.price.controller.PriceController [http-nio-8081-exec-7] Received request with bookId 120
2023-03-26 00:03:43,298 INFO com.server.price.controller.PriceController [http-nio-8081-exec-7] Price for the bookId 100.0
2023-03-26 00:03:43,488 INFO com.server.price.controller.PriceController [http-nio-8081-exec-8] Received request with bookId 120
2023-03-26 00:03:43,489 INFO com.server.price.controller.PriceController [http-nio-8081-exec-8] Price for the bookId 100.0
2023-03-26 00:03:43,702 INFO com.server.price.controller.PriceController [http-nio-8081-exec-10] Received request with bookId 120
2023-03-26 00:03:43,703 INFO com.server.price.controller.PriceController [http-nio-8081-exec-10] Price for the bookId 100.0
2023-03-26 00:03:43,930 INFO com.server.price.controller.PriceController [http-nio-8081-exec-9] Received request with bookId 120
2023-03-26 00:03:43,930 INFO com.server.price.controller.PriceController [http-nio-8081-exec-9] Price for the bookId 100.0
2023-03-26 00:03:44,139 INFO com.server.price.controller.PriceController [http-nio-8081-exec-1] Received request with bookId 120
2023-03-26 00:03:44,140 INFO com.server.price.controller.PriceController [http-nio-8081-exec-1] Price for the bookId 100.0
2023-03-26 00:04:18,554 INFO org.springframework.boot.StartupInfoLogger [main] Starting PriceServerApplication using Java 1.8.0_221 on LAPTOP-AI358GDM with PID 5212 (C:\Users\bala4\Downloads\price server\price-server\target\classes started by bala4 in C:\Users\bala4\Downloads\price server\price-server)
2023-03-26 00:04:18,560 DEBUG org.springframework.boot.StartupInfoLogger [main] Running with Spring Boot v2.7.11-SNAPSHOT, Spring v5.3.26
2023-03-26 00:04:18,562 INFO org.springframework.boot.SpringApplication [main] No active profile set, falling back to 1 default profile: "default"
2023-03-26 00:04:21,925 INFO org.springframework.boot.web.embedded.tomcat.TomcatWebServer [main] Tomcat initialized with port(s): 8081 (http)
2023-03-26 00:04:21,945 INFO org.apache.juli.logging.DirectJDKLog [main] Initializing ProtocolHandler ["http-nio-8081"]
2023-03-26 00:04:21,946 INFO org.apache.juli.logging.DirectJDKLog [main] Starting service [Tomcat]
2023-03-26 00:04:21,947 INFO org.apache.juli.logging.DirectJDKLog [main] Starting Servlet engine: [Apache Tomcat/9.0.73]
2023-03-26 00:04:22,371 INFO org.apache.juli.logging.DirectJDKLog [main] Initializing Spring embedded WebApplicationContext
2023-03-26 00:04:22,371 INFO org.springframework.boot.web.servlet.context.ServletWebServerApplicationContext [main] Root WebApplicationContext: initialization completed in 3677 ms
2023-03-26 00:04:23,476 INFO org.springframework.boot.actuate.endpoint.web.EndpointLinksResolver [main] Exposing 1 endpoint(s) beneath base path '/actuator'
2023-03-26 00:04:23,520 INFO org.apache.juli.logging.DirectJDKLog [main] Starting ProtocolHandler ["http-nio-8081"]
2023-03-26 00:04:23,561 INFO org.springframework.boot.web.embedded.tomcat.TomcatWebServer [main] Tomcat started on port(s): 8081 (http) with context path '/price-engine'
2023-03-26 00:04:23,589 INFO org.springframework.boot.StartupInfoLogger [main] Started PriceServerApplication in 6.206 seconds (JVM running for 7.024)
2023-03-26 00:04:23,698 INFO org.apache.juli.logging.DirectJDKLog [http-nio-8081-exec-1] Initializing Spring DispatcherServlet 'dispatcherServlet'
2023-03-26 00:04:23,700 INFO org.springframework.web.servlet.FrameworkServlet [http-nio-8081-exec-1] Initializing Servlet 'dispatcherServlet'
2023-03-26 00:04:23,702 INFO org.springframework.web.servlet.FrameworkServlet [http-nio-8081-exec-1] Completed initialization in 2 ms
2023-03-26 00:04:23,795 INFO com.server.price.controller.PriceController [http-nio-8081-exec-1] Received request with bookId 120
2023-03-26 00:04:23,799 INFO com.server.price.controller.PriceController [http-nio-8081-exec-1] Price for the bookId 0.4150800606176339169195443901116959750652313232421875
2023-03-26 00:04:26,440 INFO com.server.price.controller.PriceController [http-nio-8081-exec-2] Received request with bookId 120
2023-03-26 00:04:26,440 INFO com.server.price.controller.PriceController [http-nio-8081-exec-2] Price for the bookId 0.34307618076485513203266464188345707952976226806640625
2023-03-26 00:04:27,076 INFO com.server.price.controller.PriceController [http-nio-8081-exec-3] Received request with bookId 120
2023-03-26 00:04:27,077 INFO com.server.price.controller.PriceController [http-nio-8081-exec-3] Price for the bookId 0.907430347879788268272704954142682254314422607421875
2023-03-26 00:04:27,596 INFO com.server.price.controller.PriceController [http-nio-8081-exec-4] Received request with bookId 120
2023-03-26 00:04:27,596 INFO com.server.price.controller.PriceController [http-nio-8081-exec-4] Price for the bookId 0.45385163035219500127226410768344067037105560302734375
2023-03-26 00:04:27,806 INFO com.server.price.controller.PriceController [http-nio-8081-exec-5] Received request with bookId 120
2023-03-26 00:04:27,807 INFO com.server.price.controller.PriceController [http-nio-8081-exec-5] Price for the bookId 0.5132488138168949109996219704044051468372344970703125
2023-03-26 00:04:28,022 INFO com.server.price.controller.PriceController [http-nio-8081-exec-6] Received request with bookId 120
2023-03-26 00:04:28,022 INFO com.server.price.controller.PriceController [http-nio-8081-exec-6] Price for the bookId 0.3360553504341421415801960392855107784271240234375
2023-03-26 00:04:28,216 INFO com.server.price.controller.PriceController [http-nio-8081-exec-7] Received request with bookId 120
2023-03-26 00:04:28,217 INFO com.server.price.controller.PriceController [http-nio-8081-exec-7] Price for the bookId 0.11372698900241073882710907128057442605495452880859375
2023-03-26 00:04:28,401 INFO com.server.price.controller.PriceController [http-nio-8081-exec-8] Received request with bookId 120
2023-03-26 00:04:28,402 INFO com.server.price.controller.PriceController [http-nio-8081-exec-8] Price for the bookId 0.64596028355197254722241950730676762759685516357421875
2023-03-26 00:04:28,584 INFO com.server.price.controller.PriceController [http-nio-8081-exec-9] Received request with bookId 120
2023-03-26 00:04:28,585 INFO com.server.price.controller.PriceController [http-nio-8081-exec-9] Price for the bookId 0.29256802215762911512086930088116787374019622802734375
2023-03-26 00:04:28,762 INFO com.server.price.controller.PriceController [http-nio-8081-exec-10] Received request with bookId 120
2023-03-26 00:04:28,763 INFO com.server.price.controller.PriceController [http-nio-8081-exec-10] Price for the bookId 0.37821362680168391090518298369715921580791473388671875
2023-03-26 00:04:28,980 INFO com.server.price.controller.PriceController [http-nio-8081-exec-1] Received request with bookId 120
2023-03-26 00:04:28,981 INFO com.server.price.controller.PriceController [http-nio-8081-exec-1] Price for the bookId 0.55258013863379751295923369980300776660442352294921875
2023-03-26 00:04:29,365 INFO com.server.price.controller.PriceController [http-nio-8081-exec-2] Received request with bookId 120
2023-03-26 00:04:29,366 INFO com.server.price.controller.PriceController [http-nio-8081-exec-2] Price for the bookId 0.3120969922070688795656678848899900913238525390625
2023-03-26 00:04:29,862 INFO com.server.price.controller.PriceController [http-nio-8081-exec-3] Received request with bookId 120
2023-03-26 00:04:29,863 INFO com.server.price.controller.PriceController [http-nio-8081-exec-3] Price for the bookId 0.18303419576920398892383445854648016393184661865234375
2023-03-26 00:05:28,444 INFO org.springframework.boot.StartupInfoLogger [main] Starting PriceServerApplication using Java 1.8.0_221 on LAPTOP-AI358GDM with PID 24012 (C:\Users\bala4\Downloads\price server\price-server\target\classes started by bala4 in C:\Users\bala4\Downloads\price server\price-server)
2023-03-26 00:05:28,652 DEBUG org.springframework.boot.StartupInfoLogger [main] Running with Spring Boot v2.7.11-SNAPSHOT, Spring v5.3.26
2023-03-26 00:05:28,654 INFO org.springframework.boot.SpringApplication [main] No active profile set, falling back to 1 default profile: "default"
2023-03-26 00:05:31,837 INFO org.springframework.boot.web.embedded.tomcat.TomcatWebServer [main] Tomcat initialized with port(s): 8081 (http)
2023-03-26 00:05:31,857 INFO org.apache.juli.logging.DirectJDKLog [main] Initializing ProtocolHandler ["http-nio-8081"]
2023-03-26 00:05:31,858 INFO org.apache.juli.logging.DirectJDKLog [main] Starting service [Tomcat]
2023-03-26 00:05:31,859 INFO org.apache.juli.logging.DirectJDKLog [main] Starting Servlet engine: [Apache Tomcat/9.0.73]
2023-03-26 00:05:32,605 INFO org.apache.juli.logging.DirectJDKLog [main] Initializing Spring embedded WebApplicationContext
2023-03-26 00:05:32,606 INFO org.springframework.boot.web.servlet.context.ServletWebServerApplicationContext [main] Root WebApplicationContext: initialization completed in 3860 ms
2023-03-26 00:05:34,303 INFO org.springframework.boot.actuate.endpoint.web.EndpointLinksResolver [main] Exposing 1 endpoint(s) beneath base path '/actuator'
2023-03-26 00:05:34,366 INFO org.apache.juli.logging.DirectJDKLog [main] Starting ProtocolHandler ["http-nio-8081"]
2023-03-26 00:05:34,424 INFO org.springframework.boot.web.embedded.tomcat.TomcatWebServer [main] Tomcat started on port(s): 8081 (http) with context path '/price-engine'
2023-03-26 00:05:34,469 INFO org.springframework.boot.StartupInfoLogger [main] Started PriceServerApplication in 6.761 seconds (JVM running for 7.55)
2023-03-26 00:05:34,644 INFO org.apache.juli.logging.DirectJDKLog [http-nio-8081-exec-1] Initializing Spring DispatcherServlet 'dispatcherServlet'
2023-03-26 00:05:34,645 INFO org.springframework.web.servlet.FrameworkServlet [http-nio-8081-exec-1] Initializing Servlet 'dispatcherServlet'
2023-03-26 00:05:34,647 INFO org.springframework.web.servlet.FrameworkServlet [http-nio-8081-exec-1] Completed initialization in 2 ms
2023-03-26 00:05:34,791 INFO com.server.price.controller.PriceController [http-nio-8081-exec-1] Received request with bookId 120
2023-03-26 00:05:34,795 INFO com.server.price.controller.PriceController [http-nio-8081-exec-1] Price for the bookId 120.500417788296972698702802517800591886043548583984375
2023-03-26 00:06:34,938 INFO com.server.price.controller.PriceController [http-nio-8081-exec-5] Received request with bookId 120
2023-03-26 00:06:34,939 INFO com.server.price.controller.PriceController [http-nio-8081-exec-5] Price for the bookId 120.24068598355160608637248742525116540491580963134765625
2023-03-26 00:06:35,446 INFO com.server.price.controller.PriceController [http-nio-8081-exec-4] Received request with bookId 120
2023-03-26 00:06:35,447 INFO com.server.price.controller.PriceController [http-nio-8081-exec-4] Price for the bookId 120.1488020417743258771992032052366994321346282958984375
2023-03-26 00:06:35,642 INFO com.server.price.controller.PriceController [http-nio-8081-exec-7] Received request with bookId 120
2023-03-26 00:06:35,643 INFO com.server.price.controller.PriceController [http-nio-8081-exec-7] Price for the bookId 120.394568253740324781375647944514639675617218017578125
2023-03-26 00:06:35,821 INFO com.server.price.controller.PriceController [http-nio-8081-exec-6] Received request with bookId 120
2023-03-26 00:06:35,822 INFO com.server.price.controller.PriceController [http-nio-8081-exec-6] Price for the bookId 120.12497093812570481130563848637393675744533538818359375
2023-03-26 00:06:35,998 INFO com.server.price.controller.PriceController [http-nio-8081-exec-8] Received request with bookId 120
2023-03-26 00:06:35,999 INFO com.server.price.controller.PriceController [http-nio-8081-exec-8] Price for the bookId 120.87515632693897338345578873486374504864215850830078125
2023-03-26 00:06:36,169 INFO com.server.price.controller.PriceController [http-nio-8081-exec-10] Received request with bookId 120
2023-03-26 00:06:36,170 INFO com.server.price.controller.PriceController [http-nio-8081-exec-10] Price for the bookId 120.03823713603614520284423861085087992250919342041015625
2023-03-26 00:06:36,337 INFO com.server.price.controller.PriceController [http-nio-8081-exec-9] Received request with bookId 120
2023-03-26 00:06:36,338 INFO com.server.price.controller.PriceController [http-nio-8081-exec-9] Price for the bookId 120.00722514760715287085446334458538331091403961181640625
2023-03-26 00:06:36,514 INFO com.server.price.controller.PriceController [http-nio-8081-exec-1] Received request with bookId 120
2023-03-26 00:06:36,515 INFO com.server.price.controller.PriceController [http-nio-8081-exec-1] Price for the bookId 120.54198910428106661374414443343994207680225372314453125
2023-03-26 00:06:36,680 INFO com.server.price.controller.PriceController [http-nio-8081-exec-2] Received request with bookId 120
2023-03-26 00:06:36,681 INFO com.server.price.controller.PriceController [http-nio-8081-exec-2] Price for the bookId 120.55270395893853307978105249276268295943737030029296875
2023-03-26 00:06:37,057 INFO com.server.price.controller.PriceController [http-nio-8081-exec-3] Received request with bookId 120
2023-03-26 00:06:37,058 INFO com.server.price.controller.PriceController [http-nio-8081-exec-3] Price for the bookId 120.6157070566996163396566998926573432981967926025390625
2023-03-26 00:06:37,232 INFO com.server.price.controller.PriceController [http-nio-8081-exec-5] Received request with bookId 120
2023-03-26 00:06:37,233 INFO com.server.price.controller.PriceController [http-nio-8081-exec-5] Price for the bookId 120.28872581088827009576647242283797822892665863037109375
2023-03-26 00:06:37,425 INFO com.server.price.controller.PriceController [http-nio-8081-exec-4] Received request with bookId 120
2023-03-26 00:06:37,426 INFO com.server.price.controller.PriceController [http-nio-8081-exec-4] Price for the bookId 120.6822450741454633149629671606817282736301422119140625
2023-03-26 00:06:37,627 INFO com.server.price.controller.PriceController [http-nio-8081-exec-7] Received request with bookId 120
2023-03-26 00:06:37,628 INFO com.server.price.controller.PriceController [http-nio-8081-exec-7] Price for the bookId 120.16429414812057341332973692260566167533397674560546875
2023-03-26 00:06:37,801 INFO com.server.price.controller.PriceController [http-nio-8081-exec-6] Received request with bookId 120
2023-03-26 00:06:37,802 INFO com.server.price.controller.PriceController [http-nio-8081-exec-6] Price for the bookId 120.0831460504992322935180482090800069272518157958984375
2023-03-26 00:06:37,983 INFO com.server.price.controller.PriceController [http-nio-8081-exec-8] Received request with bookId 120
2023-03-26 00:06:37,983 INFO com.server.price.controller.PriceController [http-nio-8081-exec-8] Price for the bookId 120.70789356571719974642320494240266270935535430908203125
2023-03-26 00:06:55,634 INFO org.springframework.boot.StartupInfoLogger [main] Starting PriceServerApplication using Java 1.8.0_221 on LAPTOP-AI358GDM with PID 13664 (C:\Users\bala4\Downloads\price server\price-server\target\classes started by bala4 in C:\Users\bala4\Downloads\price server\price-server)
2023-03-26 00:06:55,638 DEBUG org.springframework.boot.StartupInfoLogger [main] Running with Spring Boot v2.7.11-SNAPSHOT, Spring v5.3.26
2023-03-26 00:06:55,639 INFO org.springframework.boot.SpringApplication [main] No active profile set, falling back to 1 default profile: "default"
2023-03-26 00:06:57,835 INFO org.springframework.boot.web.embedded.tomcat.TomcatWebServer [main] Tomcat initialized with port(s): 8081 (http)
2023-03-26 00:06:57,888 INFO org.apache.juli.logging.DirectJDKLog [main] Initializing ProtocolHandler ["http-nio-8081"]
2023-03-26 00:06:57,889 INFO org.apache.juli.logging.DirectJDKLog [main] Starting service [Tomcat]
2023-03-26 00:06:57,890 INFO org.apache.juli.logging.DirectJDKLog [main] Starting Servlet engine: [Apache Tomcat/9.0.73]
2023-03-26 00:06:58,229 INFO org.apache.juli.logging.DirectJDKLog [main] Initializing Spring embedded WebApplicationContext
2023-03-26 00:06:58,238 INFO org.springframework.boot.web.servlet.context.ServletWebServerApplicationContext [main] Root WebApplicationContext: initialization completed in 2528 ms
2023-03-26 00:06:59,097 INFO org.springframework.boot.actuate.endpoint.web.EndpointLinksResolver [main] Exposing 1 endpoint(s) beneath base path '/actuator'
2023-03-26 00:06:59,137 INFO org.apache.juli.logging.DirectJDKLog [main] Starting ProtocolHandler ["http-nio-8081"]
2023-03-26 00:06:59,182 INFO org.springframework.boot.web.embedded.tomcat.TomcatWebServer [main] Tomcat started on port(s): 8081 (http) with context path '/price-engine'
2023-03-26 00:06:59,211 INFO org.springframework.boot.StartupInfoLogger [main] Started PriceServerApplication in 4.28 seconds (JVM running for 5.1)
2023-03-26 00:07:01,086 INFO org.apache.juli.logging.DirectJDKLog [http-nio-8081-exec-1] Initializing Spring DispatcherServlet 'dispatcherServlet'
2023-03-26 00:07:01,088 INFO org.springframework.web.servlet.FrameworkServlet [http-nio-8081-exec-1] Initializing Servlet 'dispatcherServlet'
2023-03-26 00:07:01,091 INFO org.springframework.web.servlet.FrameworkServlet [http-nio-8081-exec-1] Completed initialization in 3 ms
2023-03-26 00:07:01,194 INFO com.server.price.controller.PriceController [http-nio-8081-exec-1] Received request with bookId 120
2023-03-26 00:07:01,198 INFO com.server.price.controller.PriceController [http-nio-8081-exec-1] Price for the bookId 95.621663846040218626143314395449124276638031005859375
2023-03-26 00:07:05,021 INFO com.server.price.controller.PriceController [http-nio-8081-exec-2] Received request with bookId 120
2023-03-26 00:07:05,023 INFO com.server.price.controller.PriceController [http-nio-8081-exec-2] Price for the bookId 95.62651388917384431831436586435302160680294036865234375
2023-03-26 00:07:05,592 INFO com.server.price.controller.PriceController [http-nio-8081-exec-3] Received request with bookId 120
2023-03-26 00:07:05,592 INFO com.server.price.controller.PriceController [http-nio-8081-exec-3] Price for the bookId 95.81594848525073093714610195092973299324512481689453125
2023-03-26 00:07:05,769 INFO com.server.price.controller.PriceController [http-nio-8081-exec-6] Received request with bookId 120
2023-03-26 00:07:05,770 INFO com.server.price.controller.PriceController [http-nio-8081-exec-6] Price for the bookId 95.06994454499278190962030521404813043773174285888671875
2023-03-26 00:07:05,972 INFO com.server.price.controller.PriceController [http-nio-8081-exec-7] Received request with bookId 120
2023-03-26 00:07:05,973 INFO com.server.price.controller.PriceController [http-nio-8081-exec-7] Price for the bookId 95.63979150115800542675259521274711005389690399169921875
2023-03-26 00:07:06,402 INFO com.server.price.controller.PriceController [http-nio-8081-exec-4] Received request with bookId 120
2023-03-26 00:07:06,403 INFO com.server.price.controller.PriceController [http-nio-8081-exec-4] Price for the bookId 95.96525716079630152766100081862532533705234527587890625
2023-03-26 00:07:06,585 INFO com.server.price.controller.PriceController [http-nio-8081-exec-5] Received request with bookId 120
2023-03-26 00:07:06,585 INFO com.server.price.controller.PriceController [http-nio-8081-exec-5] Price for the bookId 95.78220188739844942471535205186228267848491668701171875
2023-03-26 00:12:45,702 WARN org.springframework.web.servlet.handler.AbstractHandlerExceptionResolver [http-nio-8081-exec-9] Resolved [org.springframework.web.bind.MissingServletRequestParameterException: Required request parameter 'bookId' for method parameter type String is not present]
2023-03-26 00:14:23,461 WARN org.springframework.web.servlet.handler.AbstractHandlerExceptionResolver [http-nio-8081-exec-2] Resolved [org.springframework.web.bind.MissingServletRequestParameterException: Required request parameter 'bookId' for method parameter type String is not present]
2023-03-26 00:15:18,419 WARN org.springframework.web.servlet.handler.AbstractHandlerExceptionResolver [http-nio-8081-exec-3] Resolved [org.springframework.web.bind.MissingServletRequestParameterException: Required request parameter 'bookId' for method parameter type String is not present]
2023-03-26 00:15:59,282 INFO com.server.price.controller.PriceController [http-nio-8081-exec-6] Received request with bookId 123
2023-03-26 00:15:59,283 INFO com.server.price.controller.PriceController [http-nio-8081-exec-6] Price for the bookId 95.39001293517637625196670114746666513383388519287109375
2023-03-26 00:16:58,409 INFO com.server.price.controller.PriceController [http-nio-8081-exec-5] Received request with bookId 123
2023-03-26 00:16:58,409 INFO com.server.price.controller.PriceController [http-nio-8081-exec-4] Received request with bookId 123
2023-03-26 00:16:58,409 INFO com.server.price.controller.PriceController [http-nio-8081-exec-10] Received request with bookId 123
2023-03-26 00:16:58,410 INFO com.server.price.controller.PriceController [http-nio-8081-exec-4] Price for the bookId 95.33651490356421198679726103364373557269573211669921875
2023-03-26 00:16:58,410 INFO com.server.price.controller.PriceController [http-nio-8081-exec-5] Price for the bookId 95.63793163699417998468987889282288961112499237060546875
2023-03-26 00:16:58,410 INFO com.server.price.controller.PriceController [http-nio-8081-exec-10] Price for the bookId 95.84899592880144625350880005498765967786312103271484375
2023-03-26 00:17:42,300 INFO org.springframework.boot.StartupInfoLogger [main] Starting PriceServerApplication using Java 1.8.0_221 on LAPTOP-AI358GDM with PID 20336 (C:\Users\bala4\Downloads\price server\price-server\target\classes started by bala4 in C:\Users\bala4\Downloads\price server\price-server)
2023-03-26 00:17:42,307 DEBUG org.springframework.boot.StartupInfoLogger [main] Running with Spring Boot v2.7.11-SNAPSHOT, Spring v5.3.26
2023-03-26 00:17:42,308 INFO org.springframework.boot.SpringApplication [main] No active profile set, falling back to 1 default profile: "default"
2023-03-26 00:17:46,006 INFO org.springframework.boot.web.embedded.tomcat.TomcatWebServer [main] Tomcat initialized with port(s): 8081 (http)
2023-03-26 00:17:46,024 INFO org.apache.juli.logging.DirectJDKLog [main] Initializing ProtocolHandler ["http-nio-8081"]
2023-03-26 00:17:46,025 INFO org.apache.juli.logging.DirectJDKLog [main] Starting service [Tomcat]
2023-03-26 00:17:46,026 INFO org.apache.juli.logging.DirectJDKLog [main] Starting Servlet engine: [Apache Tomcat/9.0.73]
2023-03-26 00:17:46,762 INFO org.apache.juli.logging.DirectJDKLog [main] Initializing Spring embedded WebApplicationContext
2023-03-26 00:17:46,763 INFO org.springframework.boot.web.servlet.context.ServletWebServerApplicationContext [main] Root WebApplicationContext: initialization completed in 4302 ms
2023-03-26 00:17:48,523 INFO org.springframework.boot.actuate.endpoint.web.EndpointLinksResolver [main] Exposing 1 endpoint(s) beneath base path '/actuator'
2023-03-26 00:17:48,587 INFO org.apache.juli.logging.DirectJDKLog [main] Starting ProtocolHandler ["http-nio-8081"]
2023-03-26 00:17:48,670 INFO org.springframework.boot.web.embedded.tomcat.TomcatWebServer [main] Tomcat started on port(s): 8081 (http) with context path '/price-engine'
2023-03-26 00:17:48,721 INFO org.springframework.boot.StartupInfoLogger [main] Started PriceServerApplication in 7.403 seconds (JVM running for 8.307)
2023-03-26 00:18:26,880 INFO org.apache.juli.logging.DirectJDKLog [http-nio-8081-exec-1] Initializing Spring DispatcherServlet 'dispatcherServlet'
2023-03-26 00:18:26,880 INFO org.springframework.web.servlet.FrameworkServlet [http-nio-8081-exec-1] Initializing Servlet 'dispatcherServlet'
2023-03-26 00:18:26,880 INFO org.springframework.web.servlet.FrameworkServlet [http-nio-8081-exec-1] Completed initialization in 0 ms
2023-03-26 00:18:26,927 INFO com.server.price.controller.PriceController [http-nio-8081-exec-1] Received request with bookId 123
2023-03-26 00:18:43,643 INFO com.server.price.controller.PriceController [http-nio-8081-exec-1] Price for the bookId 95.43566040969294050899662806841661222279071807861328125
2023-03-26 00:19:43,638 INFO org.springframework.boot.StartupInfoLogger [main] Starting PriceServerApplication using Java 1.8.0_221 on LAPTOP-AI358GDM with PID 5380 (C:\Users\bala4\Downloads\price server\price-server\target\classes started by bala4 in C:\Users\bala4\Downloads\price server\price-server)
2023-03-26 00:19:43,647 DEBUG org.springframework.boot.StartupInfoLogger [main] Running with Spring Boot v2.7.11-SNAPSHOT, Spring v5.3.26
2023-03-26 00:19:43,649 INFO org.springframework.boot.SpringApplication [main] No active profile set, falling back to 1 default profile: "default"
2023-03-26 00:19:47,904 INFO org.springframework.boot.web.embedded.tomcat.TomcatWebServer [main] Tomcat initialized with port(s): 8081 (http)
2023-03-26 00:19:47,929 INFO org.apache.juli.logging.DirectJDKLog [main] Initializing ProtocolHandler ["http-nio-8081"]
2023-03-26 00:19:47,930 INFO org.apache.juli.logging.DirectJDKLog [main] Starting service [Tomcat]
2023-03-26 00:19:47,931 INFO org.apache.juli.logging.DirectJDKLog [main] Starting Servlet engine: [Apache Tomcat/9.0.73]
2023-03-26 00:19:48,440 INFO org.apache.juli.logging.DirectJDKLog [main] Initializing Spring embedded WebApplicationContext
2023-03-26 00:19:48,441 INFO org.springframework.boot.web.servlet.context.ServletWebServerApplicationContext [main] Root WebApplicationContext: initialization completed in 4614 ms
2023-03-26 00:19:49,734 INFO org.springframework.boot.actuate.endpoint.web.EndpointLinksResolver [main] Exposing 1 endpoint(s) beneath base path '/actuator'
2023-03-26 00:19:49,796 INFO org.apache.juli.logging.DirectJDKLog [main] Starting ProtocolHandler ["http-nio-8081"]
2023-03-26 00:19:49,854 INFO org.springframework.boot.web.embedded.tomcat.TomcatWebServer [main] Tomcat started on port(s): 8081 (http) with context path '/price-engine'
2023-03-26 00:19:49,880 INFO org.springframework.boot.StartupInfoLogger [main] Started PriceServerApplication in 7.668 seconds (JVM running for 9.461)
2023-03-26 00:20:08,249 INFO org.apache.juli.logging.DirectJDKLog [http-nio-8081-exec-2] Initializing Spring DispatcherServlet 'dispatcherServlet'
2023-03-26 00:20:08,250 INFO org.springframework.web.servlet.FrameworkServlet [http-nio-8081-exec-2] Initializing Servlet 'dispatcherServlet'
2023-03-26 00:20:08,251 INFO org.springframework.web.servlet.FrameworkServlet [http-nio-8081-exec-2] Completed initialization in 1 ms
2023-03-26 00:20:08,300 INFO com.server.price.controller.PriceController [http-nio-8081-exec-2] Received request with bookId 123
2023-03-26 00:20:30,693 INFO com.server.price.controller.PriceController [http-nio-8081-exec-2] Price for the bookId 95.9849240585323768559788959464640356600284576416015625
2023-03-26 00:22:14,644 INFO org.springframework.boot.StartupInfoLogger [main] Starting PriceServerApplication using Java 1.8.0_221 on LAPTOP-AI358GDM with PID 20692 (C:\Users\bala4\Downloads\price server\price-server\target\classes started by bala4 in C:\Users\bala4\Downloads\price server\price-server)
2023-03-26 00:22:14,651 DEBUG org.springframework.boot.StartupInfoLogger [main] Running with Spring Boot v2.7.11-SNAPSHOT, Spring v5.3.26
2023-03-26 00:22:14,653 INFO org.springframework.boot.SpringApplication [main] No active profile set, falling back to 1 default profile: "default"
2023-03-26 00:22:19,473 INFO org.springframework.boot.web.embedded.tomcat.TomcatWebServer [main] Tomcat initialized with port(s): 8081 (http)
2023-03-26 00:22:19,503 INFO org.apache.juli.logging.DirectJDKLog [main] Initializing ProtocolHandler ["http-nio-8081"]
2023-03-26 00:22:19,504 INFO org.apache.juli.logging.DirectJDKLog [main] Starting service [Tomcat]
2023-03-26 00:22:19,505 INFO org.apache.juli.logging.DirectJDKLog [main] Starting Servlet engine: [Apache Tomcat/9.0.73]
2023-03-26 00:22:20,056 INFO org.apache.juli.logging.DirectJDKLog [main] Initializing Spring embedded WebApplicationContext
2023-03-26 00:22:20,057 INFO org.springframework.boot.web.servlet.context.ServletWebServerApplicationContext [main] Root WebApplicationContext: initialization completed in 5260 ms
2023-03-26 00:22:21,624 INFO org.springframework.boot.actuate.endpoint.web.EndpointLinksResolver [main] Exposing 1 endpoint(s) beneath base path '/actuator'
2023-03-26 00:22:21,689 INFO org.apache.juli.logging.DirectJDKLog [main] Starting ProtocolHandler ["http-nio-8081"]
2023-03-26 00:22:21,754 INFO org.springframework.boot.web.embedded.tomcat.TomcatWebServer [main] Tomcat started on port(s): 8081 (http) with context path '/price-engine'
2023-03-26 00:22:21,791 INFO org.springframework.boot.StartupInfoLogger [main] Started PriceServerApplication in 8.79 seconds (JVM running for 10.14)
2023-03-26 00:22:49,251 INFO org.apache.juli.logging.DirectJDKLog [http-nio-8081-exec-1] Initializing Spring DispatcherServlet 'dispatcherServlet'
2023-03-26 00:22:49,252 INFO org.springframework.web.servlet.FrameworkServlet [http-nio-8081-exec-1] Initializing Servlet 'dispatcherServlet'
2023-03-26 00:22:49,254 INFO org.springframework.web.servlet.FrameworkServlet [http-nio-8081-exec-1] Completed initialization in 2 ms
2023-03-26 00:22:49,327 INFO com.server.price.controller.PriceController [http-nio-8081-exec-1] Received request with bookId 123
2023-03-26 00:22:52,212 INFO com.server.price.controller.PriceController [http-nio-8081-exec-1] Price for the bookId 95.40037608866922347328198839022661559283733367919921875
2023-03-26 00:31:03,391 INFO org.springframework.boot.StartupInfoLogger [main] Starting PriceServerApplicationTests using Java 1.8.0_221 on LAPTOP-AI358GDM with PID 20124 (started by bala4 in C:\Users\bala4\Downloads\price server\price-server)
2023-03-26 00:31:03,394 DEBUG org.springframework.boot.StartupInfoLogger [main] Running with Spring Boot v2.7.11-SNAPSHOT, Spring v5.3.26
2023-03-26 00:31:03,396 INFO org.springframework.boot.SpringApplication [main] No active profile set, falling back to 1 default profile: "default"
2023-03-26 00:31:10,917 INFO org.springframework.boot.actuate.endpoint.web.EndpointLinksResolver [main] Exposing 1 endpoint(s) beneath base path '/actuator'
2023-03-26 00:31:11,140 INFO org.springframework.boot.StartupInfoLogger [main] Started PriceServerApplicationTests in 9.252 seconds (JVM running for 14.849)
2023-03-26 10:05:53,813 INFO org.springframework.boot.StartupInfoLogger [main] Starting PriceServerApplication using Java 1.8.0_221 on LAPTOP-AI358GDM with PID 13776 (C:\Users\bala4\Downloads\price server\price-server\target\classes started by bala4 in C:\Users\bala4\Downloads\price server\price-server)
2023-03-26 10:05:53,819 DEBUG org.springframework.boot.StartupInfoLogger [main] Running with Spring Boot v2.7.11-SNAPSHOT, Spring v5.3.26
2023-03-26 10:05:53,820 INFO org.springframework.boot.SpringApplication [main] No active profile set, falling back to 1 default profile: "default"
2023-03-26 10:05:58,050 INFO org.springframework.boot.web.embedded.tomcat.TomcatWebServer [main] Tomcat initialized with port(s): 8081 (http)
2023-03-26 10:05:58,083 INFO org.apache.juli.logging.DirectJDKLog [main] Initializing ProtocolHandler ["http-nio-8081"]
2023-03-26 10:05:58,085 INFO org.apache.juli.logging.DirectJDKLog [main] Starting service [Tomcat]
2023-03-26 10:05:58,086 INFO org.apache.juli.logging.DirectJDKLog [main] Starting Servlet engine: [Apache Tomcat/9.0.73]
2023-03-26 10:05:59,080 INFO org.apache.juli.logging.DirectJDKLog [main] Initializing Spring embedded WebApplicationContext
2023-03-26 10:05:59,083 INFO org.springframework.boot.web.servlet.context.ServletWebServerApplicationContext [main] Root WebApplicationContext: initialization completed in 5154 ms
2023-03-26 10:06:00,553 INFO org.springframework.boot.actuate.endpoint.web.EndpointLinksResolver [main] Exposing 1 endpoint(s) beneath base path '/actuator'
2023-03-26 10:06:00,605 INFO org.apache.juli.logging.DirectJDKLog [main] Starting ProtocolHandler ["http-nio-8081"]
2023-03-26 10:06:00,668 INFO org.springframework.boot.web.embedded.tomcat.TomcatWebServer [main] Tomcat started on port(s): 8081 (http) with context path '/price-engine'
2023-03-26 10:06:00,704 INFO org.springframework.boot.StartupInfoLogger [main] Started PriceServerApplication in 8.078 seconds (JVM running for 9.246)
2023-03-26 10:06:13,964 INFO org.apache.juli.logging.DirectJDKLog [http-nio-8081-exec-2] Initializing Spring DispatcherServlet 'dispatcherServlet'
2023-03-26 10:06:13,965 INFO org.springframework.web.servlet.FrameworkServlet [http-nio-8081-exec-2] Initializing Servlet 'dispatcherServlet'
2023-03-26 10:06:13,966 INFO org.springframework.web.servlet.FrameworkServlet [http-nio-8081-exec-2] Completed initialization in 1 ms
2023-03-26 10:06:14,026 INFO com.server.price.controller.PriceController [http-nio-8081-exec-2] Received request with bookId 123
2023-03-26 10:06:17,117 INFO com.server.price.controller.PriceController [http-nio-8081-exec-2] Price for the bookId 95.293225268759243817839887924492359161376953125
2023-03-26 10:07:44,236 INFO com.server.price.controller.PriceController [http-nio-8081-exec-1] Received request with bookId 123
2023-03-26 10:07:47,139 INFO com.server.price.controller.PriceController [http-nio-8081-exec-1] Price for the bookId 95.05894397672416895606062325896346010267734527587890625
2023-03-26 10:10:01,301 INFO com.server.price.controller.PriceController [http-nio-8081-exec-4] Received request with bookId 123
2023-03-26 10:10:03,716 INFO com.server.price.controller.PriceController [http-nio-8081-exec-4] Price for the bookId 95.11876886579015766276512522381381131708621978759765625
