2023-03-25 23:50:38,900 INFO org.springframework.boot.StartupInfoLogger [main] Starting PriceServerApplication using Java 1.8.0_221 on LAPTOP-AI358GDM with PID 4280 (C:\Users\bala4\Downloads\price server\price-server\target\classes started by bala4 in C:\Users\bala4\Downloads\price server\price-server)
2023-03-25 23:50:38,905 DEBUG org.springframework.boot.StartupInfoLogger [main] Running with Spring Boot v2.7.11-SNAPSHOT, Spring v5.3.26
2023-03-25 23:50:38,906 INFO org.springframework.boot.SpringApplication [main] No active profile set, falling back to 1 default profile: "default"
2023-03-25 23:50:42,488 INFO org.springframework.boot.web.embedded.tomcat.TomcatWebServer [main] Tomcat initialized with port(s): 8080 (http)
2023-03-25 23:50:42,537 INFO org.apache.juli.logging.DirectJDKLog [main] Initializing ProtocolHandler ["http-nio-8080"]
2023-03-25 23:50:42,539 INFO org.apache.juli.logging.DirectJDKLog [main] Starting service [Tomcat]
2023-03-25 23:50:42,542 INFO org.apache.juli.logging.DirectJDKLog [main] Starting Servlet engine: [Apache Tomcat/9.0.73]
2023-03-25 23:50:43,360 INFO org.apache.juli.logging.DirectJDKLog [main] Initializing Spring embedded WebApplicationContext
2023-03-25 23:50:43,362 INFO org.springframework.boot.web.servlet.context.ServletWebServerApplicationContext [main] Root WebApplicationContext: initialization completed in 4070 ms
2023-03-25 23:50:44,796 INFO org.springframework.boot.actuate.endpoint.web.EndpointLinksResolver [main] Exposing 1 endpoint(s) beneath base path '/actuator'
2023-03-25 23:50:44,851 INFO org.apache.juli.logging.DirectJDKLog [main] Starting ProtocolHandler ["http-nio-8080"]
2023-03-25 23:50:44,872 WARN org.springframework.context.support.AbstractApplicationContext [main] Exception encountered during context initialization - cancelling refresh attempt: org.springframework.context.ApplicationContextException: Failed to start bean 'webServerStartStop'; nested exception is org.springframework.boot.web.server.PortInUseException: Port 8080 is already in use
2023-03-25 23:50:44,889 INFO org.apache.juli.logging.DirectJDKLog [main] Pausing ProtocolHandler ["http-nio-8080"]
2023-03-25 23:50:44,890 INFO org.apache.juli.logging.DirectJDKLog [main] Stopping service [Tomcat]
2023-03-25 23:50:44,904 INFO org.apache.juli.logging.DirectJDKLog [main] Stopping ProtocolHandler ["http-nio-8080"]
2023-03-25 23:50:44,907 INFO org.apache.juli.logging.DirectJDKLog [main] Destroying ProtocolHandler ["http-nio-8080"]
2023-03-25 23:50:44,948 INFO org.springframework.boot.autoconfigure.logging.ConditionEvaluationReportLoggingListener [main] 

Error starting ApplicationContext. To display the conditions report re-run your application with 'debug' enabled.
2023-03-25 23:50:45,009 ERROR org.springframework.boot.diagnostics.LoggingFailureAnalysisReporter [main] 

***************************
APPLICATION FAILED TO START
***************************

Description:

Web server failed to start. Port 8080 was already in use.

Action:

Identify and stop the process that's listening on port 8080 or configure this application to listen on another port.

2023-03-25 23:52:00,440 INFO org.springframework.boot.StartupInfoLogger [main] Starting PriceServerApplication using Java 1.8.0_221 on LAPTOP-AI358GDM with PID 22856 (C:\Users\bala4\Downloads\price server\price-server\target\classes started by bala4 in C:\Users\bala4\Downloads\price server\price-server)
2023-03-25 23:52:00,451 DEBUG org.springframework.boot.StartupInfoLogger [main] Running with Spring Boot v2.7.11-SNAPSHOT, Spring v5.3.26
2023-03-25 23:52:00,452 INFO org.springframework.boot.SpringApplication [main] No active profile set, falling back to 1 default profile: "default"
2023-03-25 23:52:05,865 INFO org.springframework.boot.web.embedded.tomcat.TomcatWebServer [main] Tomcat initialized with port(s): 8081 (http)
2023-03-25 23:52:05,889 INFO org.apache.juli.logging.DirectJDKLog [main] Initializing ProtocolHandler ["http-nio-8081"]
2023-03-25 23:52:05,892 INFO org.apache.juli.logging.DirectJDKLog [main] Starting service [Tomcat]
2023-03-25 23:52:05,892 INFO org.apache.juli.logging.DirectJDKLog [main] Starting Servlet engine: [Apache Tomcat/9.0.73]
2023-03-25 23:52:06,662 INFO org.apache.juli.logging.DirectJDKLog [main] Initializing Spring embedded WebApplicationContext
2023-03-25 23:52:06,663 INFO org.springframework.boot.web.servlet.context.ServletWebServerApplicationContext [main] Root WebApplicationContext: initialization completed in 6060 ms
2023-03-25 23:52:08,112 INFO org.springframework.boot.actuate.endpoint.web.EndpointLinksResolver [main] Exposing 1 endpoint(s) beneath base path '/actuator'
2023-03-25 23:52:08,168 INFO org.apache.juli.logging.DirectJDKLog [main] Starting ProtocolHandler ["http-nio-8081"]
2023-03-25 23:52:08,229 INFO org.springframework.boot.web.embedded.tomcat.TomcatWebServer [main] Tomcat started on port(s): 8081 (http) with context path '/price-engine'
2023-03-25 23:52:08,260 INFO org.springframework.boot.StartupInfoLogger [main] Started PriceServerApplication in 9.213 seconds (JVM running for 10.629)
2023-03-25 23:54:10,115 INFO org.apache.juli.logging.DirectJDKLog [http-nio-8081-exec-1] Initializing Spring DispatcherServlet 'dispatcherServlet'
2023-03-25 23:54:10,116 INFO org.springframework.web.servlet.FrameworkServlet [http-nio-8081-exec-1] Initializing Servlet 'dispatcherServlet'
2023-03-25 23:54:10,117 INFO org.springframework.web.servlet.FrameworkServlet [http-nio-8081-exec-1] Completed initialization in 1 ms
2023-03-25 23:58:18,282 INFO org.springframework.boot.StartupInfoLogger [main] Starting PriceServerApplication using Java 1.8.0_221 on LAPTOP-AI358GDM with PID 8216 (C:\Users\bala4\Downloads\price server\price-server\target\classes started by bala4 in C:\Users\bala4\Downloads\price server\price-server)
2023-03-25 23:58:18,286 DEBUG org.springframework.boot.StartupInfoLogger [main] Running with Spring Boot v2.7.11-SNAPSHOT, Spring v5.3.26
2023-03-25 23:58:18,287 INFO org.springframework.boot.SpringApplication [main] No active profile set, falling back to 1 default profile: "default"
2023-03-25 23:58:21,015 INFO org.springframework.boot.web.embedded.tomcat.TomcatWebServer [main] Tomcat initialized with port(s): 8081 (http)
2023-03-25 23:58:21,033 INFO org.apache.juli.logging.DirectJDKLog [main] Initializing ProtocolHandler ["http-nio-8081"]
2023-03-25 23:58:21,034 INFO org.apache.juli.logging.DirectJDKLog [main] Starting service [Tomcat]
2023-03-25 23:58:21,035 INFO org.apache.juli.logging.DirectJDKLog [main] Starting Servlet engine: [Apache Tomcat/9.0.73]
2023-03-25 23:58:21,538 INFO org.apache.juli.logging.DirectJDKLog [main] Initializing Spring embedded WebApplicationContext
2023-03-25 23:58:21,539 INFO org.springframework.boot.web.servlet.context.ServletWebServerApplicationContext [main] Root WebApplicationContext: initialization completed in 3158 ms
2023-03-25 23:58:22,740 INFO org.springframework.boot.actuate.endpoint.web.EndpointLinksResolver [main] Exposing 1 endpoint(s) beneath base path '/actuator'
2023-03-25 23:58:23,529 INFO org.apache.juli.logging.DirectJDKLog [main] Starting ProtocolHandler ["http-nio-8081"]
2023-03-25 23:58:23,568 INFO org.springframework.boot.web.embedded.tomcat.TomcatWebServer [main] Tomcat started on port(s): 8081 (http) with context path ''
2023-03-25 23:58:23,595 INFO org.springframework.boot.StartupInfoLogger [main] Started PriceServerApplication in 6.013 seconds (JVM running for 7.163)
2023-03-25 23:58:36,249 INFO org.apache.juli.logging.DirectJDKLog [http-nio-8081-exec-1] Initializing Spring DispatcherServlet 'dispatcherServlet'
2023-03-25 23:58:36,250 INFO org.springframework.web.servlet.FrameworkServlet [http-nio-8081-exec-1] Initializing Servlet 'dispatcherServlet'
2023-03-25 23:58:36,251 INFO org.springframework.web.servlet.FrameworkServlet [http-nio-8081-exec-1] Completed initialization in 1 ms
2023-03-25 23:59:42,980 INFO org.springframework.boot.StartupInfoLogger [main] Starting PriceServerApplication using Java 1.8.0_221 on LAPTOP-AI358GDM with PID 21020 (C:\Users\bala4\Downloads\price server\price-server\target\classes started by bala4 in C:\Users\bala4\Downloads\price server\price-server)
2023-03-25 23:59:42,986 DEBUG org.springframework.boot.StartupInfoLogger [main] Running with Spring Boot v2.7.11-SNAPSHOT, Spring v5.3.26
2023-03-25 23:59:42,987 INFO org.springframework.boot.SpringApplication [main] No active profile set, falling back to 1 default profile: "default"
2023-03-25 23:59:45,943 INFO org.springframework.boot.web.embedded.tomcat.TomcatWebServer [main] Tomcat initialized with port(s): 8081 (http)
2023-03-25 23:59:45,961 INFO org.apache.juli.logging.DirectJDKLog [main] Initializing ProtocolHandler ["http-nio-8081"]
2023-03-25 23:59:45,962 INFO org.apache.juli.logging.DirectJDKLog [main] Starting service [Tomcat]
2023-03-25 23:59:45,962 INFO org.apache.juli.logging.DirectJDKLog [main] Starting Servlet engine: [Apache Tomcat/9.0.73]
2023-03-25 23:59:46,444 INFO org.apache.juli.logging.DirectJDKLog [main] Initializing Spring embedded WebApplicationContext
2023-03-25 23:59:46,445 INFO org.springframework.boot.web.servlet.context.ServletWebServerApplicationContext [main] Root WebApplicationContext: initialization completed in 3355 ms
2023-03-25 23:59:47,593 INFO org.springframework.boot.actuate.endpoint.web.EndpointLinksResolver [main] Exposing 1 endpoint(s) beneath base path '/actuator'
2023-03-25 23:59:47,673 INFO org.apache.juli.logging.DirectJDKLog [main] Starting ProtocolHandler ["http-nio-8081"]
2023-03-25 23:59:47,724 INFO org.springframework.boot.web.embedded.tomcat.TomcatWebServer [main] Tomcat started on port(s): 8081 (http) with context path '/price-engine'
2023-03-25 23:59:47,756 INFO org.springframework.boot.StartupInfoLogger [main] Started PriceServerApplication in 5.779 seconds (JVM running for 6.6)
